<?xml version="1.0" encoding="UTF-8"?>
<!-- Generated by org.testng.reporters.JUnitReportReporter -->
<testsuite hostname="AMIT-PC" name="myPack1.TC02" tests="1" failures="0" timestamp="11 Sep 2015 03:34:32 GMT" time="12.128" errors="0">
  <testcase name="atTestGmail" time="12.128" classname="myPack1.TC02"/>
</testsuite> <!-- myPack1.TC02 -->
