<?xml version="1.0" encoding="UTF-8"?>
<!-- Generated by org.testng.reporters.JUnitReportReporter -->
<testsuite hostname="AMIT-PC" name="myPack1.TC02" tests="1" failures="0" timestamp="23 Sep 2017 01:12:42 GMT" time="0.001" errors="1">
  <testcase name="atTestGmail" time="0.001" classname="myPack1.TC02">
    <error type="org.openqa.selenium.WebDriverException" message="Failed to connect to binary FirefoxBinary(C:\Program Files\Mozilla Firefox\firefox.exe) on port 7055; process output follows: 
ype&quot;:null,&quot;aboutURL&quot;:null,&quot;icons&quot;:{&quot;32&quot;:&quot;icon.png&quot;,&quot;48&quot;:&quot;icon.png&quot;},&quot;iconURL&quot;:null,&quot;icon64URL&quot;:null,&quot;defaultLocale&quot;:{&quot;name&quot;:&quot;Default&quot;,&quot;description&quot;:&quot;The default theme.&quot;,&quot;creator&quot;:&quot;Mozilla&quot;,&quot;homepageURL&quot;:null,&quot;contributors&quot;:[&quot;Mozilla Contributors&quot;]},&quot;visible&quot;:true,&quot;active&quot;:true,&quot;userDisabled&quot;:false,&quot;appDisabled&quot;:false,&quot;descriptor&quot;:&quot;C:\\Program Files\\Mozilla Firefox\\browser\\extensions\\{972ce4c6-7e08-4474-a285-3208198ce6fd}.xpi&quot;,&quot;installDate&quot;:1459872390313,&quot;updateDate&quot;:1459872390313,&quot;applyBackgroundUpdates&quot;:1,&quot;skinnable&quot;:true,&quot;size&quot;:22012,&quot;sourceURI&quot;:null,&quot;releaseNotesURI&quot;:null,&quot;softDisabled&quot;:false,&quot;foreignInstall&quot;:false,&quot;hasBinaryComponents&quot;:false,&quot;strictCompatibility&quot;:true,&quot;locales&quot;:[],&quot;targetApplications&quot;:[{&quot;id&quot;:&quot;{ec8030f7-c20a-464f-9b0e-13a3a9e97384}&quot;,&quot;minVersion&quot;:&quot;45.0.1&quot;,&quot;maxVersion&quot;:&quot;45.0.1&quot;}],&quot;targetPlatforms&quot;:[],&quot;seen&quot;:true}
1506129075251	addons.xpi	DEBUG	getModTime: Recursive scan of {972ce4c6-7e08-4474-a285-3208198ce6fd}
1506129075252	addons.xpi	DEBUG	Updating XPIState for {&quot;id&quot;:&quot;{0153E448-190B-4987-BDE1-F256CADA672F}&quot;,&quot;syncGUID&quot;:&quot;PBrmPHq9uQqm&quot;,&quot;location&quot;:&quot;winreg-app-global&quot;,&quot;version&quot;:&quot;15.0.6&quot;,&quot;type&quot;:&quot;extension&quot;,&quot;internalName&quot;:null,&quot;updateURL&quot;:null,&quot;updateKey&quot;:null,&quot;optionsURL&quot;:null,&quot;optionsType&quot;:null,&quot;aboutURL&quot;:null,&quot;icons&quot;:{},&quot;iconURL&quot;:&quot;chrome://browserrecord/skin/rp_logo.png&quot;,&quot;icon64URL&quot;:null,&quot;defaultLocale&quot;:{&quot;name&quot;:&quot;RealPlayer Browser Record Plugin&quot;,&quot;description&quot;:&quot;Detects all recordable content on the browser&quot;,&quot;creator&quot;:&quot;Real Networks, Inc.&quot;,&quot;homepageURL&quot;:&quot;http://www.real.com&quot;},&quot;visible&quot;:true,&quot;active&quot;:false,&quot;userDisabled&quot;:true,&quot;appDisabled&quot;:false,&quot;descriptor&quot;:&quot;C:\\ProgramData\\Real\\RealPlayer\\BrowserRecordPlugin\\Firefox\\Ext&quot;,&quot;installDate&quot;:1500239465017,&quot;updateDate&quot;:1500239465017,&quot;applyBackgroundUpdates&quot;:1,&quot;bootstrap&quot;:false,&quot;skinnable&quot;:false,&quot;size&quot;:84573,&quot;sourceURI&quot;:null,&quot;releaseNotesURI&quot;:null,&quot;softDisabled&quot;:false,&quot;foreignInstall&quot;:true,&quot;hasBinaryComponents&quot;:true,&quot;strictCompatibility&quot;:false,&quot;locales&quot;:[],&quot;targetApplications&quot;:[{&quot;id&quot;:&quot;{ec8030f7-c20a-464f-9b0e-13a3a9e97384}&quot;,&quot;minVersion&quot;:&quot;1.5&quot;,&quot;maxVersion&quot;:&quot;99.*&quot;}],&quot;targetPlatforms&quot;:[],&quot;multiprocessCompatible&quot;:false,&quot;signedState&quot;:0,&quot;seen&quot;:true}
1506129075253	DeferredSave.extensions.json	DEBUG	Save changes
1506129075254	addons.xpi	DEBUG	Updating database with changes to installed add-ons
1506129075254	addons.xpi-utils	DEBUG	Updating add-on states
1506129075256	addons.xpi-utils	DEBUG	Writing add-ons list
1506129075262	addons.xpi	DEBUG	Registering manifest for C:\Program Files\Mozilla Firefox\browser\features\loop@mozilla.org.xpi
1506129075264	addons.xpi	DEBUG	Calling bootstrap method startup on loop@mozilla.org version 0.1
1506129075298	addons.manager	DEBUG	Starting provider: &lt;unnamed-provider&gt;
1506129075299	addons.manager	DEBUG	Registering shutdown blocker for &lt;unnamed-provider&gt;
1506129075299	addons.manager	DEBUG	Provider finished startup: &lt;unnamed-provider&gt;
1506129075318	addons.xpi	DEBUG	Registering manifest for C:\Program Files\Mozilla Firefox\browser\extensions\{82AF8DCA-6DE9-405D-BD5E-43525BDAD38A}.xpi
1506129075319	addons.xpi	DEBUG	Calling bootstrap method startup on {82AF8DCA-6DE9-405D-BD5E-43525BDAD38A} version 8.0.0.9103
1506129075419	addons.manager	DEBUG	Registering shutdown blocker for XPIProvider
1506129075420	addons.manager	DEBUG	Provider finished startup: XPIProvider
1506129075420	addons.manager	DEBUG	Starting provider: LightweightThemeManager
1506129075420	addons.manager	DEBUG	Registering shutdown blocker for LightweightThemeManager
1506129075420	addons.manager	DEBUG	Provider finished startup: LightweightThemeManager
1506129075421	addons.manager	DEBUG	Starting provider: GMPProvider
1506129075429	addons.manager	DEBUG	Registering shutdown blocker for GMPProvider
1506129075429	addons.manager	DEBUG	Provider finished startup: GMPProvider
1506129075429	addons.manager	DEBUG	Starting provider: PluginProvider
1506129075429	addons.manager	DEBUG	Registering shutdown blocker for PluginProvider
1506129075430	addons.manager	DEBUG	Provider finished startup: PluginProvider
1506129075430	addons.manager	DEBUG	Completed startup sequence

Build info: version: &#039;2.53.1&#039;, revision: &#039;a36b8b1&#039;, time: &#039;2016-06-30 17:37:03&#039;
System info: host: &#039;AMIT-PC&#039;, ip: &#039;192.168.0.5&#039;, os.name: &#039;Windows 7&#039;, os.arch: &#039;x86&#039;, os.version: &#039;6.1&#039;, java.version: &#039;1.7.0_25&#039;
Driver info: driver.version: FirefoxDriver">
      <![CDATA[org.openqa.selenium.WebDriverException: Failed to connect to binary FirefoxBinary(C:\Program Files\Mozilla Firefox\firefox.exe) on port 7055; process output follows: 
ype":null,"aboutURL":null,"icons":{"32":"icon.png","48":"icon.png"},"iconURL":null,"icon64URL":null,"defaultLocale":{"name":"Default","description":"The default theme.","creator":"Mozilla","homepageURL":null,"contributors":["Mozilla Contributors"]},"visible":true,"active":true,"userDisabled":false,"appDisabled":false,"descriptor":"C:\\Program Files\\Mozilla Firefox\\browser\\extensions\\{972ce4c6-7e08-4474-a285-3208198ce6fd}.xpi","installDate":1459872390313,"updateDate":1459872390313,"applyBackgroundUpdates":1,"skinnable":true,"size":22012,"sourceURI":null,"releaseNotesURI":null,"softDisabled":false,"foreignInstall":false,"hasBinaryComponents":false,"strictCompatibility":true,"locales":[],"targetApplications":[{"id":"{ec8030f7-c20a-464f-9b0e-13a3a9e97384}","minVersion":"45.0.1","maxVersion":"45.0.1"}],"targetPlatforms":[],"seen":true}
1506129075251	addons.xpi	DEBUG	getModTime: Recursive scan of {972ce4c6-7e08-4474-a285-3208198ce6fd}
1506129075252	addons.xpi	DEBUG	Updating XPIState for {"id":"{0153E448-190B-4987-BDE1-F256CADA672F}","syncGUID":"PBrmPHq9uQqm","location":"winreg-app-global","version":"15.0.6","type":"extension","internalName":null,"updateURL":null,"updateKey":null,"optionsURL":null,"optionsType":null,"aboutURL":null,"icons":{},"iconURL":"chrome://browserrecord/skin/rp_logo.png","icon64URL":null,"defaultLocale":{"name":"RealPlayer Browser Record Plugin","description":"Detects all recordable content on the browser","creator":"Real Networks, Inc.","homepageURL":"http://www.real.com"},"visible":true,"active":false,"userDisabled":true,"appDisabled":false,"descriptor":"C:\\ProgramData\\Real\\RealPlayer\\BrowserRecordPlugin\\Firefox\\Ext","installDate":1500239465017,"updateDate":1500239465017,"applyBackgroundUpdates":1,"bootstrap":false,"skinnable":false,"size":84573,"sourceURI":null,"releaseNotesURI":null,"softDisabled":false,"foreignInstall":true,"hasBinaryComponents":true,"strictCompatibility":false,"locales":[],"targetApplications":[{"id":"{ec8030f7-c20a-464f-9b0e-13a3a9e97384}","minVersion":"1.5","maxVersion":"99.*"}],"targetPlatforms":[],"multiprocessCompatible":false,"signedState":0,"seen":true}
1506129075253	DeferredSave.extensions.json	DEBUG	Save changes
1506129075254	addons.xpi	DEBUG	Updating database with changes to installed add-ons
1506129075254	addons.xpi-utils	DEBUG	Updating add-on states
1506129075256	addons.xpi-utils	DEBUG	Writing add-ons list
1506129075262	addons.xpi	DEBUG	Registering manifest for C:\Program Files\Mozilla Firefox\browser\features\loop@mozilla.org.xpi
1506129075264	addons.xpi	DEBUG	Calling bootstrap method startup on loop@mozilla.org version 0.1
1506129075298	addons.manager	DEBUG	Starting provider: <unnamed-provider>
1506129075299	addons.manager	DEBUG	Registering shutdown blocker for <unnamed-provider>
1506129075299	addons.manager	DEBUG	Provider finished startup: <unnamed-provider>
1506129075318	addons.xpi	DEBUG	Registering manifest for C:\Program Files\Mozilla Firefox\browser\extensions\{82AF8DCA-6DE9-405D-BD5E-43525BDAD38A}.xpi
1506129075319	addons.xpi	DEBUG	Calling bootstrap method startup on {82AF8DCA-6DE9-405D-BD5E-43525BDAD38A} version 8.0.0.9103
1506129075419	addons.manager	DEBUG	Registering shutdown blocker for XPIProvider
1506129075420	addons.manager	DEBUG	Provider finished startup: XPIProvider
1506129075420	addons.manager	DEBUG	Starting provider: LightweightThemeManager
1506129075420	addons.manager	DEBUG	Registering shutdown blocker for LightweightThemeManager
1506129075420	addons.manager	DEBUG	Provider finished startup: LightweightThemeManager
1506129075421	addons.manager	DEBUG	Starting provider: GMPProvider
1506129075429	addons.manager	DEBUG	Registering shutdown blocker for GMPProvider
1506129075429	addons.manager	DEBUG	Provider finished startup: GMPProvider
1506129075429	addons.manager	DEBUG	Starting provider: PluginProvider
1506129075429	addons.manager	DEBUG	Registering shutdown blocker for PluginProvider
1506129075430	addons.manager	DEBUG	Provider finished startup: PluginProvider
1506129075430	addons.manager	DEBUG	Completed startup sequence

Build info: version: '2.53.1', revision: 'a36b8b1', time: '2016-06-30 17:37:03'
System info: host: 'AMIT-PC', ip: '192.168.0.5', os.name: 'Windows 7', os.arch: 'x86', os.version: '6.1', java.version: '1.7.0_25'
Driver info: driver.version: FirefoxDriver
	at org.openqa.selenium.firefox.internal.NewProfileExtensionConnection.start(NewProfileExtensionConnection.java:124)
	at org.openqa.selenium.firefox.FirefoxDriver.startClient(FirefoxDriver.java:271)
	at org.openqa.selenium.remote.RemoteWebDriver.<init>(RemoteWebDriver.java:119)
	at org.openqa.selenium.firefox.FirefoxDriver.<init>(FirefoxDriver.java:218)
	at org.openqa.selenium.firefox.FirefoxDriver.<init>(FirefoxDriver.java:211)
	at org.openqa.selenium.firefox.FirefoxDriver.<init>(FirefoxDriver.java:207)
	at org.openqa.selenium.firefox.FirefoxDriver.<init>(FirefoxDriver.java:120)
	at myPack1.TC02.atStart(Unknown Source)
	at sun.reflect.NativeMethodAccessorImpl.invoke0(Native Method)
	at sun.reflect.NativeMethodAccessorImpl.invoke(NativeMethodAccessorImpl.java:57)
	at sun.reflect.DelegatingMethodAccessorImpl.invoke(DelegatingMethodAccessorImpl.java:43)
	at java.lang.reflect.Method.invoke(Method.java:606)
	at org.testng.internal.MethodInvocationHelper.invokeMethod(MethodInvocationHelper.java:85)
	at org.testng.internal.Invoker.invokeConfigurationMethod(Invoker.java:510)
	at org.testng.internal.Invoker.invokeConfigurations(Invoker.java:211)
	at org.testng.internal.Invoker.invokeMethod(Invoker.java:585)
	at org.testng.internal.Invoker.invokeTestMethod(Invoker.java:816)
	at org.testng.internal.Invoker.invokeTestMethods(Invoker.java:1124)
	at org.testng.internal.TestMethodWorker.invokeTestMethods(TestMethodWorker.java:125)
	at org.testng.internal.TestMethodWorker.run(TestMethodWorker.java:108)
	at org.testng.TestRunner.privateRun(TestRunner.java:774)
	at org.testng.TestRunner.run(TestRunner.java:624)
	at org.testng.SuiteRunner.runTest(SuiteRunner.java:359)
	at org.testng.SuiteRunner.runSequentially(SuiteRunner.java:354)
	at org.testng.SuiteRunner.privateRun(SuiteRunner.java:312)
	at org.testng.SuiteRunner.run(SuiteRunner.java:261)
	at org.testng.SuiteRunnerWorker.runSuite(SuiteRunnerWorker.java:52)
	at org.testng.SuiteRunnerWorker.run(SuiteRunnerWorker.java:86)
	at org.testng.TestNG.runSuitesSequentially(TestNG.java:1215)
	at org.testng.TestNG.runSuitesLocally(TestNG.java:1140)
	at org.testng.TestNG.run(TestNG.java:1048)
	at org.testng.TestNG.privateMain(TestNG.java:1355)
	at org.testng.TestNG.main(TestNG.java:1324)
Caused by: org.openqa.selenium.firefox.NotConnectedException: Unable to connect to host 127.0.0.1 on port 7055 after 45000 ms. Firefox console output:
ype":null,"aboutURL":null,"icons":{"32":"icon.png","48":"icon.png"},"iconURL":null,"icon64URL":null,"defaultLocale":{"name":"Default","description":"The default theme.","creator":"Mozilla","homepageURL":null,"contributors":["Mozilla Contributors"]},"visible":true,"active":true,"userDisabled":false,"appDisabled":false,"descriptor":"C:\\Program Files\\Mozilla Firefox\\browser\\extensions\\{972ce4c6-7e08-4474-a285-3208198ce6fd}.xpi","installDate":1459872390313,"updateDate":1459872390313,"applyBackgroundUpdates":1,"skinnable":true,"size":22012,"sourceURI":null,"releaseNotesURI":null,"softDisabled":false,"foreignInstall":false,"hasBinaryComponents":false,"strictCompatibility":true,"locales":[],"targetApplications":[{"id":"{ec8030f7-c20a-464f-9b0e-13a3a9e97384}","minVersion":"45.0.1","maxVersion":"45.0.1"}],"targetPlatforms":[],"seen":true}
1506129075251	addons.xpi	DEBUG	getModTime: Recursive scan of {972ce4c6-7e08-4474-a285-3208198ce6fd}
1506129075252	addons.xpi	DEBUG	Updating XPIState for {"id":"{0153E448-190B-4987-BDE1-F256CADA672F}","syncGUID":"PBrmPHq9uQqm","location":"winreg-app-global","version":"15.0.6","type":"extension","internalName":null,"updateURL":null,"updateKey":null,"optionsURL":null,"optionsType":null,"aboutURL":null,"icons":{},"iconURL":"chrome://browserrecord/skin/rp_logo.png","icon64URL":null,"defaultLocale":{"name":"RealPlayer Browser Record Plugin","description":"Detects all recordable content on the browser","creator":"Real Networks, Inc.","homepageURL":"http://www.real.com"},"visible":true,"active":false,"userDisabled":true,"appDisabled":false,"descriptor":"C:\\ProgramData\\Real\\RealPlayer\\BrowserRecordPlugin\\Firefox\\Ext","installDate":1500239465017,"updateDate":1500239465017,"applyBackgroundUpdates":1,"bootstrap":false,"skinnable":false,"size":84573,"sourceURI":null,"releaseNotesURI":null,"softDisabled":false,"foreignInstall":true,"hasBinaryComponents":true,"strictCompatibility":false,"locales":[],"targetApplications":[{"id":"{ec8030f7-c20a-464f-9b0e-13a3a9e97384}","minVersion":"1.5","maxVersion":"99.*"}],"targetPlatforms":[],"multiprocessCompatible":false,"signedState":0,"seen":true}
1506129075253	DeferredSave.extensions.json	DEBUG	Save changes
1506129075254	addons.xpi	DEBUG	Updating database with changes to installed add-ons
1506129075254	addons.xpi-utils	DEBUG	Updating add-on states
1506129075256	addons.xpi-utils	DEBUG	Writing add-ons list
1506129075262	addons.xpi	DEBUG	Registering manifest for C:\Program Files\Mozilla Firefox\browser\features\loop@mozilla.org.xpi
1506129075264	addons.xpi	DEBUG	Calling bootstrap method startup on loop@mozilla.org version 0.1
1506129075298	addons.manager	DEBUG	Starting provider: <unnamed-provider>
1506129075299	addons.manager	DEBUG	Registering shutdown blocker for <unnamed-provider>
1506129075299	addons.manager	DEBUG	Provider finished startup: <unnamed-provider>
1506129075318	addons.xpi	DEBUG	Registering manifest for C:\Program Files\Mozilla Firefox\browser\extensions\{82AF8DCA-6DE9-405D-BD5E-43525BDAD38A}.xpi
1506129075319	addons.xpi	DEBUG	Calling bootstrap method startup on {82AF8DCA-6DE9-405D-BD5E-43525BDAD38A} version 8.0.0.9103
1506129075419	addons.manager	DEBUG	Registering shutdown blocker for XPIProvider
1506129075420	addons.manager	DEBUG	Provider finished startup: XPIProvider
1506129075420	addons.manager	DEBUG	Starting provider: LightweightThemeManager
1506129075420	addons.manager	DEBUG	Registering shutdown blocker for LightweightThemeManager
1506129075420	addons.manager	DEBUG	Provider finished startup: LightweightThemeManager
1506129075421	addons.manager	DEBUG	Starting provider: GMPProvider
1506129075429	addons.manager	DEBUG	Registering shutdown blocker for GMPProvider
1506129075429	addons.manager	DEBUG	Provider finished startup: GMPProvider
1506129075429	addons.manager	DEBUG	Starting provider: PluginProvider
1506129075429	addons.manager	DEBUG	Registering shutdown blocker for PluginProvider
1506129075430	addons.manager	DEBUG	Provider finished startup: PluginProvider
1506129075430	addons.manager	DEBUG	Completed startup sequence

	at org.openqa.selenium.firefox.internal.NewProfileExtensionConnection.start(NewProfileExtensionConnection.java:112)
	... 32 more
]]>
    </error>
  </testcase> <!-- atTestGmail -->
</testsuite> <!-- myPack1.TC02 -->
