<?xml version="1.0" encoding="UTF-8"?>
<!-- Generated by org.testng.reporters.JUnitReportReporter -->
<testsuite hostname="AMIT-PC" name="myPack1.TC03" tests="1" failures="0" timestamp="11 Sep 2015 03:24:58 GMT" time="33.117" errors="0">
  <testcase name="atTestCricinfo" time="33.117" classname="myPack1.TC03"/>
</testsuite> <!-- myPack1.TC03 -->
